<?xml version="1.0" encoding="UTF-8"?>
<!-- Generated by org.testng.reporters.JUnitXMLReporter -->
<testsuite hostname="LAPTOP-J1GC4JUM" ignored="0" name="testng1" tests="2" failures="0" timestamp="2022-05-10T12:11:53 IST" time="2.503" errors="0">
  <testcase name="@BeforeTest launch" time="2.456" classname="practise.practise.Restassured">
    <failure type="org.openqa.selenium.SessionNotCreatedException" message="session not created: This version of ChromeDriver only supports Chrome version 99
Current browser version is 101.0.4951.54 with binary path C:\Program Files\Google\Chrome\Application\chrome.exe
Build info: version: &amp;apos;4.0.0-alpha-2&amp;apos;, revision: &amp;apos;f148142cf8&amp;apos;, time: &amp;apos;2019-07-01T20:55:26&amp;apos;
System info: host: &amp;apos;LAPTOP-J1GC4JUM&amp;apos;, ip: &amp;apos;192.168.1.21&amp;apos;, os.name: &amp;apos;Windows 11&amp;apos;, os.arch: &amp;apos;amd64&amp;apos;, os.version: &amp;apos;10.0&amp;apos;, java.version: &amp;apos;1.8.0_321&amp;apos;
Driver info: driver.version: ChromeDriver
remote stacktrace: Backtrace:
	Ordinal0 [0x00329943+2595139]
	Ordinal0 [0x002BC9F1+2148849]
	Ordinal0 [0x001B4528+1066280]
	Ordinal0 [0x001D42C3+1196739]
	Ordinal0 [0x001CFE37+1179191]
	Ordinal0 [0x001CD6F1+1169137]
	Ordinal0 [0x00200530+1377584]
	Ordinal0 [0x0020018A+1376650]
	Ordinal0 [0x001FB806+1357830]
	Ordinal0 [0x001D6086+1204358]
	Ordinal0 [0x001D6F96+1208214]
	GetHandleVerifier [0x004CB232+1658114]
	GetHandleVerifier [0x0058312C+2411516]
	GetHandleVerifier [0x003BF261+560433]
	GetHandleVerifier [0x003BE366+556598]
	Ordinal0 [0x002C286B+2173035]
	Ordinal0 [0x002C75F8+2192888]
	Ordinal0 [0x002C76E5+2193125]
	Ordinal0 [0x002D11FC+2232828]
	BaseThreadInitThunk [0x76146739+25]
	RtlGetFullPathName_UEx [0x778D8E7F+1215]
	RtlGetFullPathName_UEx [0x778D8E4D+1165]
	(No symbol) [0x00000000]
">
      <![CDATA[org.openqa.selenium.SessionNotCreatedException: session not created: This version of ChromeDriver only supports Chrome version 99
Current browser version is 101.0.4951.54 with binary path C:\Program Files\Google\Chrome\Application\chrome.exe
Build info: version: '4.0.0-alpha-2', revision: 'f148142cf8', time: '2019-07-01T20:55:26'
System info: host: 'LAPTOP-J1GC4JUM', ip: '192.168.1.21', os.name: 'Windows 11', os.arch: 'amd64', os.version: '10.0', java.version: '1.8.0_321'
Driver info: driver.version: ChromeDriver
remote stacktrace: Backtrace:
Ordinal0 [0x00329943+2595139]
Ordinal0 [0x002BC9F1+2148849]
Ordinal0 [0x001B4528+1066280]
Ordinal0 [0x001D42C3+1196739]
Ordinal0 [0x001CFE37+1179191]
Ordinal0 [0x001CD6F1+1169137]
Ordinal0 [0x00200530+1377584]
Ordinal0 [0x0020018A+1376650]
Ordinal0 [0x001FB806+1357830]
Ordinal0 [0x001D6086+1204358]
Ordinal0 [0x001D6F96+1208214]
GetHandleVerifier [0x004CB232+1658114]
GetHandleVerifier [0x0058312C+2411516]
GetHandleVerifier [0x003BF261+560433]
GetHandleVerifier [0x003BE366+556598]
Ordinal0 [0x002C286B+2173035]
Ordinal0 [0x002C75F8+2192888]
Ordinal0 [0x002C76E5+2193125]
Ordinal0 [0x002D11FC+2232828]
BaseThreadInitThunk [0x76146739+25]
RtlGetFullPathName_UEx [0x778D8E7F+1215]
RtlGetFullPathName_UEx [0x778D8E4D+1165]
(No symbol) [0x00000000]

at org.openqa.selenium.remote.W3CHandshakeResponse.lambda$errorHandler$0(W3CHandshakeResponse.java:62)
at org.openqa.selenium.remote.HandshakeResponse.lambda$getResponseFunction$0(HandshakeResponse.java:30)
at org.openqa.selenium.remote.ProtocolHandshake.lambda$createSession$1(ProtocolHandshake.java:127)
at java.util.stream.ReferencePipeline$3$1.accept(ReferencePipeline.java:193)
at java.util.Spliterators$ArraySpliterator.tryAdvance(Spliterators.java:958)
at java.util.stream.ReferencePipeline.forEachWithCancel(ReferencePipeline.java:126)
at java.util.stream.AbstractPipeline.copyIntoWithCancel(AbstractPipeline.java:499)
at java.util.stream.AbstractPipeline.copyInto(AbstractPipeline.java:486)
at java.util.stream.AbstractPipeline.wrapAndCopyInto(AbstractPipeline.java:472)
at java.util.stream.FindOps$FindOp.evaluateSequential(FindOps.java:152)
at java.util.stream.AbstractPipeline.evaluate(AbstractPipeline.java:234)
at java.util.stream.ReferencePipeline.findFirst(ReferencePipeline.java:464)
at org.openqa.selenium.remote.ProtocolHandshake.createSession(ProtocolHandshake.java:129)
at org.openqa.selenium.remote.ProtocolHandshake.createSession(ProtocolHandshake.java:75)
at org.openqa.selenium.remote.HttpCommandExecutor.execute(HttpCommandExecutor.java:139)
at org.openqa.selenium.remote.service.DriverCommandExecutor.execute(DriverCommandExecutor.java:83)
at org.openqa.selenium.remote.RemoteWebDriver.execute(RemoteWebDriver.java:576)
at org.openqa.selenium.remote.RemoteWebDriver.startSession(RemoteWebDriver.java:210)
at org.openqa.selenium.remote.RemoteWebDriver.<init>(RemoteWebDriver.java:130)
at org.openqa.selenium.chromium.ChromiumDriver.<init>(ChromiumDriver.java:73)
at org.openqa.selenium.chrome.ChromeDriver.<init>(ChromeDriver.java:163)
at org.openqa.selenium.chrome.ChromeDriver.<init>(ChromeDriver.java:150)
at org.openqa.selenium.chrome.ChromeDriver.<init>(ChromeDriver.java:105)
at practise.practise.Restassured.launch(Restassured.java:20)
... Removed 32 stack frames]]>
    </failure>
  </testcase> <!-- @BeforeTest launch -->
  <testcase name="@AfterTest teardown" time="0.0" classname="practise.practise.Restassured">
    <skipped/>
  </testcase> <!-- @AfterTest teardown -->
  <testcase name="entermaheshbabu" time="0.0" classname="practise.practise.Restassured">
    <skipped/>
  </testcase> <!-- entermaheshbabu -->
  <testcase name="vlidate" time="0.0" classname="practise.practise.Restassured">
    <skipped/>
  </testcase> <!-- vlidate -->
</testsuite> <!-- testng1 -->
